2024.08.20 21:38:38 INFO  Started: Metals version 1.3.5 in folders '/Users/sj/Desktop/learn/scala-collection/lab' for client VSCodium 1.92.2.[0m
Aug 20, 2024 9:38:38 PM org.eclipse.lsp4j.jsonrpc.services.GenericEndpoint notify
INFO: Unsupported notification method: $/setTrace
SLF4J(W): Class path contains multiple SLF4J providers.
SLF4J(W): Found provider [scribe.slf4j.ScribeServiceProvider@4a3eccd9]
SLF4J(W): Found provider [ch.qos.logback.classic.spi.LogbackServiceProvider@4b29161f]
SLF4J(W): See https://www.slf4j.org/codes.html#multiple_bindings for an explanation.
SLF4J(I): Actual provider is of type [scribe.slf4j.ScribeServiceProvider@4a3eccd9]
2024.08.20 21:38:38 WARN  Flyway upgrade recommended: H2 2.3.230 is newer than this version of Flyway and support has not been tested. The latest supported version of H2 is 2.2.220.[0m
2024.08.20 21:38:48 INFO  no build target found for /Users/sj/Desktop/learn/scala-collection/lab/src/main/scala/example/Main.scala. Using presentation compiler with project's scala-library version: 3.3.3[0m
2024.08.20 21:38:50 INFO  no build target found for /Users/sj/Desktop/learn/scala-collection/lab/src/main/scala/example/Main.scala. Using presentation compiler with project's scala-library version: 3.3.3[0m
2024.08.20 21:38:57 INFO  no build target found for /Users/sj/Desktop/learn/scala-collection/lab/src/main/scala/example/Main.scala. Using presentation compiler with project's scala-library version: 3.3.3[0m
2024.08.20 21:38:57 INFO  no build target found for /Users/sj/Desktop/learn/scala-collection/lab/build.sbt. Using presentation compiler with project's scala-library version: 3.3.3[0m
2024.08.20 21:38:58 INFO  no build target found for /Users/sj/Desktop/learn/scala-collection/lab/build.sbt. Using presentation compiler with project's scala-library version: 3.3.3[0m
2024.08.20 21:38:58 INFO  no build target found for /Users/sj/Desktop/learn/scala-collection/lab/src/main/scala/example/Main.scala. Using presentation compiler with project's scala-library version: 3.3.3[0m
2024.08.20 21:39:05 INFO  no build target found for /Users/sj/Desktop/learn/scala-collection/lab/src/main/scala/example/Main.scala. Using presentation compiler with project's scala-library version: 3.3.3[0m
2024.08.20 21:39:05 INFO  no build target found for /Users/sj/Desktop/learn/scala-collection/lab/src/main/scala/example/Main.scala. Using presentation compiler with project's scala-library version: 3.3.3[0m
2024.08.20 21:39:05 INFO  Shutting down server[0m
2024.08.20 21:39:05 INFO  shutting down Metals[0m
2024.08.20 21:39:06 INFO  Exiting server[0m
2024.08.20 21:39:06 ERROR Unexpected error initializing server: 
org.eclipse.lsp4j.jsonrpc.ResponseErrorException: Request window/showMessageRequest failed with message: Canceled
	at org.eclipse.lsp4j.jsonrpc.RemoteEndpoint.handleResponse(RemoteEndpoint.java:220)
	at org.eclipse.lsp4j.jsonrpc.RemoteEndpoint.consume(RemoteEndpoint.java:204)
	at org.eclipse.lsp4j.jsonrpc.json.StreamMessageProducer.handleMessage(StreamMessageProducer.java:185)
	at org.eclipse.lsp4j.jsonrpc.json.StreamMessageProducer.listen(StreamMessageProducer.java:97)
	at org.eclipse.lsp4j.jsonrpc.json.ConcurrentMessageProcessor.run(ConcurrentMessageProcessor.java:114)
	at java.util.concurrent.Executors$RunnableAdapter.call(Executors.java:572)
	at java.util.concurrent.FutureTask.run(FutureTask.java:317)
	at java.util.concurrent.ThreadPoolExecutor.runWorker(ThreadPoolExecutor.java:1144)
	at java.util.concurrent.ThreadPoolExecutor$Worker.run(ThreadPoolExecutor.java:642)
	at java.lang.Thread.run(Thread.java:1583)
[0m
